<?xml version="1.0" encoding="utf-8" standalone="no"?>
<!--This file represents the results of running a test suite-->
<test-results name="C:\Users\John\Desktop\Toggle\Toggle.Tests\bin\Debug\Toggle.Tests.exe" total="2" errors="1" failures="1" not-run="0" inconclusive="0" ignored="0" skipped="0" invalid="0" date="2012-03-04" time="12:13:19">
  <environment nunit-version="2.5.10.11092" clr-version="4.0.30319.239" os-version="Microsoft Windows NT 6.1.7601 Service Pack 1" platform="Win32NT" cwd="C:\Users\John\Desktop\Toggle\Toggle.Tests\bin\Debug" machine-name="BABETTE" user="John" user-domain="BABETTE" />
  <culture-info current-culture="en-US" current-uiculture="en-US" />
  <test-suite type="Assembly" name="C:\Users\John\Desktop\Toggle\Toggle.Tests\bin\Debug\Toggle.Tests.exe" executed="True" result="Failure" success="False" time="117.121" asserts="0">
    <results>
      <test-suite type="Namespace" name="Toggle" executed="True" result="Failure" success="False" time="117.114" asserts="0">
        <results>
          <test-suite type="Namespace" name="Tests" executed="True" result="Failure" success="False" time="117.114" asserts="0">
            <results>
              <test-suite type="TestFixture" name="TestFixture1" executed="True" result="Failure" success="False" time="117.114" asserts="0">
                <results>
                  <test-case name="Toggle.Tests.TestFixture1.RETURNS_RESPONSE_FROM_THE_API" executed="True" result="Error" success="False" time="115.831" asserts="0">
                    <failure>
                      <message><![CDATA[System.ArgumentException : Stream was not readable.]]></message>
                      <stack-trace><![CDATA[at System.IO.StreamReader..ctor(Stream stream, Encoding encoding, Boolean detectEncodingFromByteOrderMarks, Int32 bufferSize)
at System.IO.StreamReader..ctor(Stream stream)
at Toggle.Toggle.GetInfo() in C:\Users\John\Desktop\Toggle\Toggle\Toggle.cs:line 39
at Toggle.Tests.TestFixture1.RETURNS_RESPONSE_FROM_THE_API() in C:\Users\John\Desktop\Toggle\Toggle.Tests\TestFixture.cs:line 16
]]></stack-trace>
                    </failure>
                  </test-case>
                  <test-case name="Toggle.Tests.TestFixture1.TestFault" executed="True" result="Failure" success="False" time="1.267" asserts="1">
                    <failure>
                      <message><![CDATA[  Expected: True
  But was:  False
]]></message>
                      <stack-trace><![CDATA[at Toggle.Tests.TestFixture1.TestFault() in C:\Users\John\Desktop\Toggle\Toggle.Tests\TestFixture.cs:line 24
]]></stack-trace>
                    </failure>
                  </test-case>
                </results>
              </test-suite>
            </results>
          </test-suite>
        </results>
      </test-suite>
    </results>
  </test-suite>
</test-results>